Virtual User Script started at: 1/14/2020 10:49:15 PM
Starting action vuser_init.
Web Turbo Replay of LoadRunner 12.60.0 for Windows 10; build 971 (Aug 09 2018 11:27:13)  	[MsgId: MMSG-26983]
Run mode: HTML  	[MsgId: MMSG-26993]
Replay user agent: Mozilla/5.0 (Windows NT 10.0; Win64; x64) AppleWebKit/537.36 (KHTML, like Gecko) Chrome/79.0.3945.117 Safari/537.36  	[MsgId: MMSG-26988]
Runtime Settings file: "C:\Users\admin\Documents\VuGen\Scripts\WebHttpHtml2\\default.cfg"  	[MsgId: MMSG-27141]
Ending action vuser_init.
Running Vuser...
Starting iteration 1.
Maximum number of concurrent connections per server: 6  	[MsgId: MMSG-26989]
Starting action Action.
Action.c(4): web_set_sockets_option started  	[MsgId: MMSG-26355]
Action.c(4): web_set_sockets_option was successful  	[MsgId: MMSG-26392]
Action.c(6): web_add_header("Upgrade-Insecure-Requests") started  	[MsgId: MMSG-26355]
Action.c(6): web_add_header("Upgrade-Insecure-Requests") was successful  	[MsgId: MMSG-26392]
Action.c(8): Notify: Transaction "auto" started.
Action.c(10): web_url("demo.automationtesting.in") started  	[MsgId: MMSG-26355]
Action.c(10): Found resource "http://demo.automationtesting.in/Index.css" in HTML "http://demo.automationtesting.in/"  	[MsgId: MMSG-26659]
Action.c(10): Found resource "http://maxcdn.bootstrapcdn.com/bootstrap/3.3.6/css/bootstrap.min.css" in HTML "http://demo.automationtesting.in/"  	[MsgId: MMSG-26659]
Action.c(10): Found resource "https://ajax.googleapis.com/ajax/libs/jquery/1.12.0/jquery.min.js" in HTML "http://demo.automationtesting.in/"  	[MsgId: MMSG-26659]
Action.c(10): Found resource "http://maxcdn.bootstrapcdn.com/bootstrap/3.3.6/js/bootstrap.min.js" in HTML "http://demo.automationtesting.in/"  	[MsgId: MMSG-26659]
Action.c(10): Found resource "http://ajax.googleapis.com/ajax/libs/angularjs/1.4.8/angular.min.js" in HTML "http://demo.automationtesting.in/"  	[MsgId: MMSG-26659]
Action.c(10): Found resource "http://demo.automationtesting.in/angcontroller.js" in HTML "http://demo.automationtesting.in/"  	[MsgId: MMSG-26659]
Action.c(10): Found resource "http://demo.automationtesting.in/original.png" in HTML "http://demo.automationtesting.in/"  	[MsgId: MMSG-26659]
Action.c(10): Found resource "http://demo.automationtesting.in/enter.png" in HTML "http://demo.automationtesting.in/"  	[MsgId: MMSG-26659]
Action.c(10): Warning -27792: Failed to connect to server "maxcdn.bootstrapcdn.com:80": [10060] Connection timed out  	[MsgId: MWAR-27792]
Action.c(10): web_url("demo.automationtesting.in") highest severity level was "warning", 365309 body bytes, 3302 header bytes  	[MsgId: MMSG-26388]
Action.c(18): Notify: Transaction "auto" ended with a "Pass" status (Duration: 21.8399 Wasted Time: 0.2098).
Action.c(20): web_add_auto_header("Sec-Fetch-Mode") started  	[MsgId: MMSG-26355]
Action.c(20): web_add_auto_header("Sec-Fetch-Mode") was successful  	[MsgId: MMSG-26392]
Action.c(23): web_add_auto_header("Sec-Fetch-Site") started  	[MsgId: MMSG-26355]
Action.c(23): web_add_auto_header("Sec-Fetch-Site") was successful  	[MsgId: MMSG-26392]
Action.c(25): Notify: Transaction "merchants" started.
Action.c(27): web_url("merchants.json") started  	[MsgId: MMSG-26355]
Action.c(27): web_url("merchants.json") was successful, 82 body bytes, 571 header bytes  	[MsgId: MMSG-26386]
Action.c(35): Notify: Transaction "merchants" ended with a "Pass" status (Duration: 0.2529 Wasted Time: 0.0479).
Action.c(37): web_remove_auto_header("Sec-Fetch-Mode") started  	[MsgId: MMSG-26355]
Action.c(37): Previous automatically added web header for "Sec-Fetch-Mode" removed  	[MsgId: MMSG-26587]
Action.c(37): web_remove/revert_auto_header("Sec-Fetch-Mode") was successful  	[MsgId: MMSG-26392]
Action.c(39): web_remove_auto_header("Sec-Fetch-Site") started  	[MsgId: MMSG-26355]
Action.c(39): Previous automatically added web header for "Sec-Fetch-Site" removed  	[MsgId: MMSG-26587]
Action.c(39): web_remove/revert_auto_header("Sec-Fetch-Site") was successful  	[MsgId: MMSG-26392]
Action.c(40): Notify: Transaction "bins" started.
Action.c(42): web_url("bins.json") started  	[MsgId: MMSG-26355]
Action.c(42): web_url("bins.json") was successful, 76 body bytes, 568 header bytes  	[MsgId: MMSG-26386]
Action.c(50): Notify: Transaction "bins" ended with a "Pass" status (Duration: 0.0898 Wasted Time: 0.0353).
Action.c(52): web_add_header("A-IM") started  	[MsgId: MMSG-26355]
Action.c(52): web_add_header("A-IM") was successful  	[MsgId: MMSG-26392]
Action.c(55): web_add_header("Sec-Fetch-Mode") started  	[MsgId: MMSG-26355]
Action.c(55): web_add_header("Sec-Fetch-Mode") was successful  	[MsgId: MMSG-26392]
Action.c(58): web_add_header("Sec-Fetch-Site") started  	[MsgId: MMSG-26355]
Action.c(58): web_add_header("Sec-Fetch-Site") was successful  	[MsgId: MMSG-26392]
Action.c(61): web_url("seed") started  	[MsgId: MMSG-26355]
Action.c(61): HTML parsing not performed for Content-Type "application/x-gzip" ("ParseHtmlContentType" Runtime Setting is "TEXT"). URL="https://clientservices.googleapis.com/chrome-variations/seed?osname=win&channel=stable&milestone=79"  	[MsgId: MMSG-26548]
Action.c(61): Downloading resource "https://clients1.google.com/tbproxy/af/query?q=Chc2LjEuMTcxNS4xNDQyL2VuIChHR0xMKRMZv72dPN_u0M8jLXhvEhkkFA==" (specified by argument number 8)  	[MsgId: MMSG-26577]
Action.c(61): Downloading resource "https://ssl.gstatic.com/safebrowsing/csd/client_model_v5_ext_variation_0.pb" (specified by argument number 11)  	[MsgId: MMSG-26577]
Action.c(61): Downloading resource "https://ssl.gstatic.com/safebrowsing/csd/client_model_v5_variation_0.pb" (specified by argument number 14)  	[MsgId: MMSG-26577]
Action.c(61): web_url("seed") was successful, 177871 body bytes, 2097 header bytes  	[MsgId: MMSG-26386]
Action.c(73): web_add_header("Upgrade-Insecure-Requests") started  	[MsgId: MMSG-26355]
Action.c(73): web_add_header("Upgrade-Insecure-Requests") was successful  	[MsgId: MMSG-26392]
Action.c(77): Notify: Transaction "register" started.
Action.c(79): web_url("Register.html") started  	[MsgId: MMSG-26355]
Action.c(79): Found resource "http://demo.automationtesting.in/Register.css" in HTML "http://demo.automationtesting.in/Register.html"  	[MsgId: MMSG-26659]
Action.c(79): Found resource "http://demo.automationtesting.in/ng-grid.css" in HTML "http://demo.automationtesting.in/Register.html"  	[MsgId: MMSG-26659]
Action.c(79): Resource "http://maxcdn.bootstrapcdn.com/bootstrap/3.3.6/css/bootstrap.min.css" is in the cache already and will not be downloaded again  	[MsgId: MMSG-26655]
Action.c(79): Found resource "https://maxcdn.bootstrapcdn.com/font-awesome/4.5.0/css/font-awesome.min.css" in HTML "http://demo.automationtesting.in/Register.html"  	[MsgId: MMSG-26659]
Action.c(79): Resource "https://ajax.googleapis.com/ajax/libs/jquery/1.12.0/jquery.min.js" is in the cache already and will not be downloaded again  	[MsgId: MMSG-26655]
Action.c(79): Found resource "http://maxcdn.bootstrapcdn.com/bootstrap/3.3.6/js/bootstrap.min.js" in HTML "http://demo.automationtesting.in/Register.html"  	[MsgId: MMSG-26659]
Action.c(79): Resource "http://ajax.googleapis.com/ajax/libs/angularjs/1.4.8/angular.min.js" is in the cache already and will not be downloaded again  	[MsgId: MMSG-26655]
Action.c(79): Resource "http://demo.automationtesting.in/angcontroller.js" is in the cache already and will not be downloaded again  	[MsgId: MMSG-26655]
Action.c(79): Found resource "https://cdnjs.cloudflare.com/ajax/libs/angular.js/1.4.8/angular-cookies.js" in HTML "http://demo.automationtesting.in/Register.html"  	[MsgId: MMSG-26659]
Action.c(79): Found resource "http://demo.automationtesting.in/ui-grid.js" in HTML "http://demo.automationtesting.in/Register.html"  	[MsgId: MMSG-26659]
Action.c(79): Found resource "http://code.jquery.com/ui/1.10.4/themes/ui-lightness/jquery-ui.css" in HTML "http://demo.automationtesting.in/Register.html"  	[MsgId: MMSG-26659]
Action.c(79): Found resource "https://cdnjs.cloudflare.com/ajax/libs/select2/4.0.1/css/select2.min.css" in HTML "http://demo.automationtesting.in/Register.html"  	[MsgId: MMSG-26659]
Action.c(79): Found resource "http://demo.automationtesting.in/Register.js" in HTML "http://demo.automationtesting.in/Register.html"  	[MsgId: MMSG-26659]
Action.c(79): Found resource "https://cdnjs.cloudflare.com/ajax/libs/select2/4.0.1/js/select2.min.js" in HTML "http://demo.automationtesting.in/Register.html"  	[MsgId: MMSG-26659]
Action.c(79): No socket (out of 16) is CURRENTLY available for a regular connection for URL="https://maxcdn.bootstrapcdn.com/font-awesome/4.5.0/fonts/fontawesome-webfont.woff2?v=4.5.0"  	[MsgId: MMSG-26000]
Action.c(79): Downloading resource "https://maxcdn.bootstrapcdn.com/font-awesome/4.5.0/fonts/fontawesome-webfont.woff2?v=4.5.0" (specified by argument number 9)  	[MsgId: MMSG-26577]
Action.c(79): No socket (out of 16) is CURRENTLY available for a regular connection for URL="https://adservice.google.co.in/adsid/integrator.js?domain=demo.automationtesting.in"  	[MsgId: MMSG-26000]
Action.c(79): Downloading resource "https://adservice.google.co.in/adsid/integrator.js?domain=demo.automationtesting.in" (specified by argument number 12)  	[MsgId: MMSG-26577]
Action.c(79): No socket (out of 16) is CURRENTLY available for a regular connection for URL="https://adservice.google.com/adsid/integrator.js?domain=demo.automationtesting.in"  	[MsgId: MMSG-26000]
Action.c(79): Downloading resource "https://adservice.google.com/adsid/integrator.js?domain=demo.automationtesting.in" (specified by argument number 14)  	[MsgId: MMSG-26577]
Action.c(79): No socket (out of 16) is CURRENTLY available for a regular connection for URL="https://pagead2.googlesyndication.com/pagead/js/r20200109/r20190131/show_ads_impl_fy2019.js"  	[MsgId: MMSG-26000]
Action.c(79): Downloading resource "https://pagead2.googlesyndication.com/pagead/js/r20200109/r20190131/show_ads_impl_fy2019.js" (specified by argument number 16)  	[MsgId: MMSG-26577]
Action.c(79): No socket (out of 16) is CURRENTLY available for a regular connection for URL="https://www.googletagservices.com/activeview/js/current/osd.js?cb=%2Fr20100101"  	[MsgId: MMSG-26000]
Action.c(79): Downloading resource "https://www.googletagservices.com/activeview/js/current/osd.js?cb=%2Fr20100101" (specified by argument number 18)  	[MsgId: MMSG-26577]
Action.c(79): Resource "http://demo.automationtesting.in/original.png" is in the cache already and will not be downloaded again  	[MsgId: MMSG-26655]
Action.c(79): Found resource "http://pagead2.googlesyndication.com/pagead/js/adsbygoogle.js" in HTML "http://demo.automationtesting.in/Register.html"  	[MsgId: MMSG-26659]
Action.c(79): No socket (out of 16) is CURRENTLY available for a regular connection for URL="http://pagead2.googlesyndication.com/pagead/js/adsbygoogle.js"  	[MsgId: MMSG-26000]
Action.c(79): No socket (out of 16) is CURRENTLY available for a regular connection for URL="https://adservice.google.co.in/adsid/integrator.js?domain=demo.automationtesting.in"  	[MsgId: MMSG-26000]
Action.c(79): No socket (out of 16) is CURRENTLY available for a regular connection for URL="https://adservice.google.com/adsid/integrator.js?domain=demo.automationtesting.in"  	[MsgId: MMSG-26000]
Action.c(79): No socket (out of 16) is CURRENTLY available for a regular connection for URL="https://pagead2.googlesyndication.com/pagead/js/r20200109/r20190131/show_ads_impl_fy2019.js"  	[MsgId: MMSG-26000]
Action.c(79): No socket (out of 16) is CURRENTLY available for a regular connection for URL="https://www.googletagservices.com/activeview/js/current/osd.js?cb=%2Fr20100101"  	[MsgId: MMSG-26000]
Action.c(79): No socket (out of 16) is CURRENTLY available for a regular connection for URL="http://pagead2.googlesyndication.com/pagead/js/adsbygoogle.js"  	[MsgId: MMSG-26000]
Action.c(79): No socket (out of 16) is CURRENTLY available for a regular connection for URL="https://www.googletagservices.com/activeview/js/current/osd.js?cb=%2Fr20100101"  	[MsgId: MMSG-26000]
Action.c(79): No socket (out of 16) is CURRENTLY available for a regular connection for URL="http://pagead2.googlesyndication.com/pagead/js/adsbygoogle.js"  	[MsgId: MMSG-26000]
Action.c(79): web_url("Register.html") was successful, 491218 body bytes, 10058 header bytes, 189 chunking overhead bytes  	[MsgId: MMSG-26385]
Action.c(93): Notify: Transaction "register" ended with a "Pass" status (Duration: 2.9904 Wasted Time: 0.2441).
Action.c(95): web_add_auto_header("X-Requested-With") started  	[MsgId: MMSG-26355]
Action.c(95): web_add_auto_header("X-Requested-With") was successful  	[MsgId: MMSG-26392]
Action.c(97): Notify: Transaction "language" started.
Action.c(99): web_url("Languages.json") started  	[MsgId: MMSG-26355]
Action.c(99): Downloading resource "https://clients1.google.com/tbproxy/af/query?q=Chc2LjEuMTcxNS4xNDQyL2VuIChHR0xMKRMZdGwYfQUrPgwjLZFhlU4kIy2RYZVOJCMtBu27_yQjLVALr7AkIy1PfPwCJCMtBOnLBCQjLfkv2KUkIy2gedmmJCMtKpW1IyQjLZSQkvokIy1mge02JCMtJ_YdQyQjLRsrZFgkFA==" (specified by argument number 9)  	[MsgId: MMSG-26577]
Action.c(99): web_url("Languages.json") was successful, 359 body bytes, 811 header bytes  	[MsgId: MMSG-26386]
Action.c(109): Notify: Transaction "language" ended with a "Pass" status (Duration: 0.3919 Wasted Time: 0.0583).
Action.c(110): Notify: Transaction "skill" started.
Action.c(112): web_url("Skills.json") started  	[MsgId: MMSG-26355]
Action.c(112): web_url("Skills.json") was successful, 601 body bytes, 338 header bytes  	[MsgId: MMSG-26386]
Action.c(120): Notify: Transaction "skill" ended with a "Pass" status (Duration: 0.3605 Wasted Time: 0.0389).
Action.c(122): web_remove_auto_header("X-Requested-With") started  	[MsgId: MMSG-26355]
Action.c(122): Previous automatically added web header for "X-Requested-With" removed  	[MsgId: MMSG-26587]
Action.c(122): web_remove/revert_auto_header("X-Requested-With") was successful  	[MsgId: MMSG-26392]
Action.c(124): web_add_auto_header("Origin") started  	[MsgId: MMSG-26355]
Action.c(124): web_add_auto_header("Origin") was successful  	[MsgId: MMSG-26392]
Action.c(127): web_add_auto_header("Sec-Fetch-Mode") started  	[MsgId: MMSG-26355]
Action.c(127): web_add_auto_header("Sec-Fetch-Mode") was successful  	[MsgId: MMSG-26392]
Action.c(130): web_add_auto_header("Sec-Fetch-Site") started  	[MsgId: MMSG-26355]
Action.c(130): web_add_auto_header("Sec-Fetch-Site") was successful  	[MsgId: MMSG-26392]
Action.c(132): Notify: Transaction "new" started.
Action.c(134): web_url("newtable") started  	[MsgId: MMSG-26355]
Action.c(134): web_url("newtable") was successful, 180356 body bytes, 635 header bytes, 188 chunking overhead bytes  	[MsgId: MMSG-26385]
Action.c(142): Notify: Transaction "new" ended with a "Pass" status (Duration: 2.3301 Wasted Time: 0.0548).
Action.c(143): Notify: Transaction "all" started.
Action.c(145): web_url("all") started  	[MsgId: MMSG-26355]
Action.c(145): web_url("all") was successful, 36602 body bytes, 634 header bytes  	[MsgId: MMSG-26386]
Action.c(153): Notify: Transaction "all" ended with a "Pass" status (Duration: 0.9759 Wasted Time: 0.0549).
Action.c(155): web_url("newtable_2") started  	[MsgId: MMSG-26355]
Action.c(155): web_url("newtable_2") was successful, 180356 body bytes, 635 header bytes, 188 chunking overhead bytes  	[MsgId: MMSG-26385]
Action.c(163): Error: Failed to end Transaction "all" (by name). Please check that you made a call to start transaction operation.
Ending action Action.
Starting action Action1.
Ending action Action1.
Starting action Action2.
Ending action Action2.
Starting action Action3.
Ending action Action3.
Starting action Action4.
Action4.c(4): web_add_header("Upgrade-Insecure-Requests") started  	[MsgId: MMSG-26355]
Action4.c(4): web_add_header("Upgrade-Insecure-Requests") was successful  	[MsgId: MMSG-26392]
Action4.c(9): web_url("Index.html") started  	[MsgId: MMSG-26355]
Action4.c(9): Resource "http://demo.automationtesting.in/Index.css" is in the cache already and will not be downloaded again  	[MsgId: MMSG-26655]
Action4.c(9): Resource "http://maxcdn.bootstrapcdn.com/bootstrap/3.3.6/css/bootstrap.min.css" is in the cache already and will not be downloaded again  	[MsgId: MMSG-26655]
Action4.c(9): Resource "https://ajax.googleapis.com/ajax/libs/jquery/1.12.0/jquery.min.js" is in the cache already and will not be downloaded again  	[MsgId: MMSG-26655]
Action4.c(9): Resource "http://maxcdn.bootstrapcdn.com/bootstrap/3.3.6/js/bootstrap.min.js" is in the cache already and will not be downloaded again  	[MsgId: MMSG-26655]
Action4.c(9): Resource "http://ajax.googleapis.com/ajax/libs/angularjs/1.4.8/angular.min.js" is in the cache already and will not be downloaded again  	[MsgId: MMSG-26655]
Action4.c(9): Resource "http://demo.automationtesting.in/angcontroller.js" is in the cache already and will not be downloaded again  	[MsgId: MMSG-26655]
Action4.c(9): Resource "http://demo.automationtesting.in/original.png" is in the cache already and will not be downloaded again  	[MsgId: MMSG-26655]
Action4.c(9): Resource "http://demo.automationtesting.in/enter.png" is in the cache already and will not be downloaded again  	[MsgId: MMSG-26655]
Action4.c(9): web_url("Index.html") was successful, 790 body bytes, 357 header bytes  	[MsgId: MMSG-26386]
Ending action Action4.
Ending iteration 1.
Ending Vuser...
Starting action vuser_end.
Ending action vuser_end.
Vuser Terminated.
